2018-07-12T16:36:19.441Z - normal: Load ~/.CocosCreator/settings.json
2018-07-12T16:36:19.449Z - normal: checking language setting...
2018-07-12T16:36:19.449Z - normal: Language: zh
2018-07-12T16:36:21.368Z - success: protocol editor-framework registered
2018-07-12T16:36:21.368Z - success: protocol app registered
2018-07-12T16:36:21.368Z - success: protocol theme registered
2018-07-12T16:36:21.368Z - success: protocol packages registered
2018-07-12T16:36:21.369Z - success: protocol unpack registerred
2018-07-12T16:36:21.369Z - success: protocol disable-commonjs registerred
2018-07-12T16:36:21.425Z - normal: connected!
2018-07-12T16:36:21.430Z - normal: Check project /Users/mac/Documents/projects/cocos/FindTheTraitors
2018-07-12T16:36:21.450Z - normal: Initializing Cocos2d
2018-07-12T16:36:21.926Z - normal: Initializing Asset Database
2018-07-12T16:36:22.003Z - success: protocol uuid registerred
2018-07-12T16:36:22.004Z - success: protocol db registerred
2018-07-12T16:36:22.004Z - success: protocol thumbnail registerred
2018-07-12T16:36:22.007Z - normal: Loading editor/builtin packages
2018-07-12T16:36:22.051Z - success: anysdk loaded
2018-07-12T16:36:22.290Z - success: assets loaded
2018-07-12T16:36:22.296Z - success: builder loaded
2018-07-12T16:36:22.300Z - success: cocos-analytics loaded
2018-07-12T16:36:22.308Z - success: console loaded
2018-07-12T16:36:22.390Z - success: fb-instant-games loaded
2018-07-12T16:36:22.398Z - success: hierarchy loaded
2018-07-12T16:36:22.412Z - success: inspector loaded
2018-07-12T16:36:22.418Z - success: keystore loaded
2018-07-12T16:36:22.437Z - success: node-library loaded
2018-07-12T16:36:22.441Z - success: package-asset loaded
2018-07-12T16:36:22.443Z - success: preferences loaded
2018-07-12T16:36:22.449Z - success: project-exporter loaded
2018-07-12T16:36:22.481Z - success: project-importer loaded
2018-07-12T16:36:22.487Z - success: project-settings loaded
2018-07-12T16:36:22.494Z - success: ui-kit loaded
2018-07-12T16:36:22.503Z - success: ui-grid loaded
2018-07-12T16:36:22.511Z - success: scene loaded
2018-07-12T16:36:22.513Z - success: sprite-editor loaded
2018-07-12T16:36:22.520Z - success: store loaded
2018-07-12T16:36:22.531Z - success: timeline loaded
2018-07-12T16:36:22.531Z - normal: Loading builtin packages
2018-07-12T16:36:22.539Z - success: asset-db-debugger loaded
2018-07-12T16:36:22.541Z - success: color-picker loaded
2018-07-12T16:36:22.547Z - success: package-manager loaded
2018-07-12T16:36:22.555Z - success: sdkbox loaded
2018-07-12T16:36:22.567Z - success: tester loaded
2018-07-12T16:36:22.575Z - success: ui-kit-preview-extra loaded
2018-07-12T16:36:22.581Z - success: ui-kit-preview loaded
2018-07-12T16:36:22.587Z - success: ui-tree loaded
2018-07-12T16:36:24.647Z - normal: Initializing project /Users/mac/Documents/projects/cocos/FindTheTraitors
2018-07-12T16:36:24.651Z - normal: Loading packages
2018-07-12T16:36:24.659Z - normal: Watching packages
2018-07-12T16:36:24.678Z - normal: Run Application
2018-07-12T16:36:27.039Z - success: preview server running at http://localhost:7456
2018-07-12T16:36:40.155Z - normal: 1.9.1
2018-07-12T16:36:48.207Z - normal: Simulator: WORKAREA WIDTH 1680.00, HEIGHT 1001.00
2018-07-12T16:36:48.211Z - normal: Simulator: FRAME SCALE = 1.00
2018-07-12T16:36:48.218Z - normal: Simulator: GLFWError #65544 Happen, Cocoa: Failed to retrieve display name
2018-07-12T16:36:48.225Z - normal: Simulator: GLFWError #65544 Happen, Cocoa: Failed to retrieve display name
2018-07-12T16:36:48.233Z - normal: Simulator: GLFWError #65544 Happen, Cocoa: Failed to retrieve display name
2018-07-12T16:36:48.582Z - normal: Simulator: 
2018-07-12T16:36:48.582Z - normal: Simulator: {
2018-07-12T16:36:48.583Z - normal: Simulator: 	gl.supports_OES_map_buffer: false
2018-07-12T16:36:48.583Z - normal: Simulator: 	gl.supports_vertex_array_object: true
2018-07-12T16:36:48.584Z - normal: Simulator: 	cocos2d.x.version: Cocos2d-x-lite v1.8.2
2018-07-12T16:36:48.584Z - normal: Simulator: 	gl.vendor: NVIDIA Corporation
2018-07-12T16:36:48.589Z - normal: Simulator: 	gl.supports_PVRTC: false
2018-07-12T16:36:48.594Z - normal: Simulator: 	gl.renderer: NVIDIA GeForce 320M OpenGL Engine
2018-07-12T16:36:48.596Z - normal: Simulator: 	cocos2d.x.compiled_with_profiler: false
2018-07-12T16:36:48.597Z - normal: Simulator: 	gl.max_texture_size: 8192
2018-07-12T16:36:48.597Z - normal: Simulator: 	gl.supports_ETC1: false
2018-07-12T16:36:48.598Z - normal: Simulator: 	gl.supports_BGRA8888: false
2018-07-12T16:36:48.598Z - normal: Simulator: 	cocos2d.x.build_type: DEBUG
2018-07-12T16:36:48.598Z - normal: Simulator: 	gl.max_texture_units: 16
2018-07-12T16:36:48.598Z - normal: Simulator: 	gl.supports_OES_packed_depth_stencil: false
2018-07-12T16:36:48.599Z - normal: Simulator: 	gl.supports_discard_framebuffer: false
2018-07-12T16:36:48.599Z - normal: Simulator: 	gl.supports_NPOT: true
2018-07-12T16:36:48.599Z - normal: Simulator: 	gl.version: 2.1 NVIDIA-10.2.37 310.90.10.05b54
2018-07-12T16:36:48.599Z - normal: Simulator: 	cocos2d.x.compiled_with_gl_state_cache: true
2018-07-12T16:36:48.600Z - normal: Simulator: 	gl.supports_OES_depth24: false
2018-07-12T16:36:48.600Z - normal: Simulator: }
2018-07-12T16:36:48.600Z - normal: Simulator: 
2018-07-12T16:36:48.601Z - normal: Simulator: 
2018-07-12T16:36:48.601Z - normal: Simulator: cocos2d: warning, Director::setProjection() failed because size is 0
2018-07-12T16:36:48.727Z - normal: Simulator: Project Config:
2018-07-12T16:36:48.727Z - normal: Simulator:     project dir: /Applications/CocosCreator.app/Contents/Resources/cocos2d-x/simulator/mac/Simulator.app/Contents/Resources/
2018-07-12T16:36:48.728Z - normal: Simulator:     writable path: $(PROJDIR)/
2018-07-12T16:36:48.728Z - normal: Simulator:     script file: $(PROJDIR)/main.js
2018-07-12T16:36:48.731Z - normal: Simulator:     frame size: 960 x 640
2018-07-12T16:36:48.732Z - normal: Simulator:     frame scale: 1.00
2018-07-12T16:36:48.732Z - normal: Simulator:     show console: NO
2018-07-12T16:36:48.732Z - normal: Simulator:     write debug log: NO ()
2018-07-12T16:36:48.732Z - normal: Simulator:     listen: 
2018-07-12T16:36:48.733Z - normal: Simulator:     debugger: none
2018-07-12T16:36:48.733Z - normal: Simulator:     add searching path:
2018-07-12T16:36:48.734Z - normal: Simulator: 
2018-07-12T16:36:48.734Z - normal: Simulator: 
2018-07-12T16:36:48.734Z - normal: Simulator: 
2018-07-12T16:36:48.735Z - normal: Simulator: ------------------------------------------------
2018-07-12T16:36:48.736Z - normal: Simulator: LOAD Js FILE: main.js
2018-07-12T16:36:48.736Z - normal: Simulator: ------------------------------------------------
2018-07-12T16:36:48.738Z - normal: Simulator: Initializing JavaScriptCore 
2018-07-12T16:36:49.095Z - normal: Simulator: JS: Cocos2d-x-lite v1.8.2
2018-07-12T16:36:49.831Z - normal: Simulator: iShow!
2018-07-12T16:36:50.718Z - normal: Simulator: JS: InitScene: 3.42899999999986ms
2018-07-12T16:36:50.759Z - normal: Simulator: JS: AutoRelease: 0.1770000000001346ms
2018-07-12T16:36:50.762Z - normal: Simulator: JS: Destroy: 0.09200000000009823ms
2018-07-12T16:36:50.775Z - normal: Simulator: JS: AttachPersist: 0.008000000000038199ms
2018-07-12T16:36:51.279Z - normal: Simulator: JS: Activate: 564.3330000000003ms
2018-07-12T16:36:52.638Z - normal: Simulator: ScriptEngine::cleanup begin ...
2018-07-12T16:36:52.639Z - normal: Simulator: GC begin ..., (Native -> JS map) count: 193
2018-07-12T16:36:52.721Z - normal: Simulator: GC end ..., (Native -> JS map) count: 172
2018-07-12T16:36:52.722Z - normal: Simulator: GC begin ..., (Native -> JS map) count: 172
2018-07-12T16:36:52.773Z - normal: Simulator: GC end ..., (Native -> JS map) count: 172
2018-07-12T16:36:52.774Z - normal: Simulator: GC begin ..., (Native -> JS map) count: 172
2018-07-12T16:36:52.949Z - normal: Simulator: GC end ..., (Native -> JS map) count: 172
2018-07-12T16:36:52.950Z - normal: Simulator: Starting to cleanup dragonbones object, count: 0
2018-07-12T16:36:52.950Z - normal: Simulator: After first cleanup, dragonbones object remained count: 0
2018-07-12T16:36:52.951Z - normal: Simulator: After second cleanup, dragonbones object remained count: 0
2018-07-12T16:36:52.951Z - normal: Simulator: ScriptEngine::cleanup end ...
2018-07-12T16:36:56.381Z - info: shutdown preview server
